case #1:
GGC
GCJ
GJJ
case #2:
CODE
DCAM
MJAM
case #3:
CA
KE
case #4:
EA
AE
CC
BD
AG
AB
case #5:
BGBD
BHEI
CAFJ
case #6:
CEAB
CFHI
CGJD
case #7:
EFI
KGL
DJC
ABH
case #8:
GFBE
CCCA
JGFD
case #9:
AABC
DCED
EEFG
case #10:
FCJ
EBD
EDI
OBA
case #11:
BCG
DBD
FAA
CEE
case #12:
BE
AA
case #13:
EBF
DAB
CAB
EEA
case #14:
ACAM
FBFE
BDDF
case #15:
DCC
BEA
JFA
AOC
case #16:
AADC
DBCC
DCAA
case #17:
BAE
AFA
GCB
FAD
case #18:
BAC
case #19:
B
A
case #20:
BHJF
ALKI
CDGE
case #21:
EBL
GAD
IFJ
CHH
case #22:
CDA
FDC
FBG
FEH
case #23:
ABG
DHE
CJI
FFF
case #24:
AD
JA
case #25:
CBB
EAA
FDI
BEA
case #26:
DIFF
BCFE
AJCB
case #27:
ADB
BFD
CAE
case #28:
FBEC
EFDC
DFAD
case #29:
BAB
EFD
ACK
BCD
case #30:
ACB
CDD
GHD
IEF
case #31:
ABCD
EBAB
CEBE
case #32:
ADCE
BFEC
BCAC
case #33:
EDE
BAB
CAC
ABB
case #34:
AB
case #35:
BEDC
BFGC
EEAD
case #36:
DBEE
FCEC
DADB
case #37:
CHDE
GIKA
FBJD
case #38:
CIG
HAD
EFB
BBJ
case #39:
CHDE
BGFE
JIAB
case #40:
EHE
HAJ
CDG
FBI
case #41:
BD
AC
case #42:
CCCB
GACD
case #43:
CDAA
EBBC
GACD
case #44:
AFBCCJDHEFFD
case #45:
DAB
CFB
BEA
DAF
case #46:
CAAE
DCGC
BDEA
case #47:
DGAE
BBDF
CBEE
case #48:
ADAE
BCBA
ADCH
case #49:
AEC
BDF
case #50:
BAD
EBC
case #51:
ABB
ECC
DJE
CFE
case #52:
BAC
HDF
DJE
BAC
case #53:
CDC
AAB
AFB
EDB
case #54:
ACBB
ABAC
IDCH
case #55:
CEJA
IKGF
CBHD
case #56:
EDF
BFC
CAB
IDA
case #57:
ABC
DIC
BCE
case #58:
FFF
FAD
EFC
EBJ
case #59:
AAE
case #60:
AAAI
BCDD
IECB
case #61:
BA
case #62:
AIAB
BCAD
CBBJ
case #63:
DCBB
EFAA
ICEJ
case #64:
EEE
DCI
CBB
AAF
case #65:
FDFD
ACJB
KBED
case #66:
FAEB
HGCH
CDCO
case #67:
AB
BB
CK
FD
ED
FF
case #68:
FJBE
ABCD
EEDF
case #69:
AHBFCF
JDCEDF
case #70:
BAC
ABD
case #71:
AEDB
BJCD
BBEF
case #72:
BBDD
BBBH
ABCD
case #73:
CAB
EAD
case #74:
GHAE
LCJB
DKIF
case #75:
BEBC
AAED
IFGH
case #76:
GFFE
AABB
CDDA
case #77:
BCF
ADE
CBH
FBD
case #78:
CDB
BAD
case #79:
ACFE
CCDD
DFAB
case #80:
BEEI
DEBH
ACFC
case #81:
BBA
BBC
case #82:
FBE
IBE
DAA
HCB
case #83:
CDM
DFB
CAK
AAE
case #84:
CEJF
AAJB
EFBD
case #85:
A
D
B
B
C
K
D
A
E
E
F
A
case #86:
AFA
CID
EHJ
AGB
case #87:
GCB
CIH
FED
AAG
case #88:
BA
IC
case #89:
DFCC
BDDA
ECBC
case #90:
BJD
CHI
EGL
FKA
case #91:
CJI
KLG
HDB
AEF
case #92:
A
case #93:
ECD
ABA
AAJ
CCA
case #94:
DFBE
CDAC
BDAE
case #95:
BGLK
DJEF
HCAI
case #96:
EGF
EEC
FBC
DCA
case #97:
BK
HA
AE
BC
case #98:
BAC
case #99:
C
A
case #100:
JKAH
CGEB
FIDF
